<?xml version="1.0" encoding="UTF-8"?>
<!-- Generated by org.testng.reporters.JUnitReportReporter -->
<testsuite hostname="DESKTOP-MST78UA" failures="0" tests="1" name="sampleTwo.Class03" time="0.005" errors="0" timestamp="2025-08-16T13:16:31 IST" skipped="0">
  <testcase classname="sampleTwo.Class03" name="method01" time="0.005"/>
</testsuite> <!-- sampleTwo.Class03 -->
