<?xml version="1.0" encoding="UTF-8"?>
<!-- Generated by org.testng.reporters.JUnitReportReporter -->
<testsuite hostname="DESKTOP-MST78UA" failures="0" tests="2" name="testng.framework.TestNgDemo" time="0.015" errors="0" timestamp="2025-08-16T12:48:42 IST" skipped="1">
  <testcase classname="testng.framework.TestNgDemo" name="userReg" time="0.015"/>
  <testcase classname="testng.framework.TestNgDemo" name="adminLoginTest">
    <skipped/>
  </testcase> <!-- adminLoginTest -->
</testsuite> <!-- testng.framework.TestNgDemo -->
