<?xml version="1.0" encoding="UTF-8"?>
<!-- Generated by org.testng.reporters.JUnitReportReporter -->
<testsuite hostname="DESKTOP-MST78UA" failures="0" tests="1" name="testng.framework.DemoTestNg" time="0.036" errors="0" timestamp="2025-08-16T00:45:34 IST" skipped="0">
  <testcase classname="testng.framework.DemoTestNg" name="adminRegistration" time="0.036"/>
</testsuite> <!-- testng.framework.DemoTestNg -->
