<?xml version="1.0" encoding="UTF-8"?>
<!-- Generated by org.testng.reporters.JUnitReportReporter -->
<testsuite hostname="DESKTOP-MST78UA" failures="0" tests="2" name="sampleOne.Class02" time="0.013" errors="0" timestamp="2025-08-16T13:12:40 IST" skipped="0">
  <testcase classname="sampleOne.Class02" name="method02" time="0.010"/>
  <testcase classname="sampleOne.Class02" name="method01" time="0.003"/>
</testsuite> <!-- sampleOne.Class02 -->
