<?xml version="1.0" encoding="UTF-8"?>
<!-- Generated by org.testng.reporters.JUnitReportReporter -->
<testsuite hostname="DESKTOP-MST78UA" failures="0" tests="2" name="sampleOne.Class01" time="0.023" errors="0" timestamp="2025-08-16T13:16:31 IST" skipped="0">
  <testcase classname="sampleOne.Class01" name="method02" time="0.002"/>
  <testcase classname="sampleOne.Class01" name="method01" time="0.021"/>
</testsuite> <!-- sampleOne.Class01 -->
