<?xml version="1.0" encoding="UTF-8"?>
<!-- Generated by org.testng.reporters.JUnitReportReporter -->
<testsuite hostname="DESKTOP-MST78UA" failures="0" tests="3" name="testng.framework.DataProviderDemo" time="0.028" errors="0" timestamp="2025-08-16T12:08:06 IST" skipped="0">
  <testcase classname="testng.framework.DataProviderDemo" name="StringConcat" time="0.018"/>
  <testcase classname="testng.framework.DataProviderDemo" name="StringConcat" time="0.005"/>
  <testcase classname="testng.framework.DataProviderDemo" name="StringConcat" time="0.005"/>
</testsuite> <!-- testng.framework.DataProviderDemo -->
